<?xml version="1.0" encoding="UTF-8"?>
<testsuite xmlns:xsi="http://www.w3.org/2001/XMLSchema-instance" xsi:noNamespaceSchemaLocation="https://maven.apache.org/surefire/maven-surefire-plugin/xsd/surefire-test-report.xsd" name="com.ensta.rentmanager.ClientServiceTest" time="0.504" tests="3" errors="0" skipped="0" failures="0">
  <properties>
    <property name="java.specification.version" value="17"/>
    <property name="sun.jnu.encoding" value="UTF-8"/>
    <property name="java.class.path" value="/Users/layscervantes/Java/rentmanager/target/test-classes:/Users/layscervantes/Java/rentmanager/target/classes:/Users/layscervantes/.m2/repository/org/springframework/spring-context/5.1.6.RELEASE/spring-context-5.1.6.RELEASE.jar:/Users/layscervantes/.m2/repository/org/springframework/spring-aop/5.1.6.RELEASE/spring-aop-5.1.6.RELEASE.jar:/Users/layscervantes/.m2/repository/org/springframework/spring-beans/5.1.6.RELEASE/spring-beans-5.1.6.RELEASE.jar:/Users/layscervantes/.m2/repository/org/springframework/spring-core/5.1.6.RELEASE/spring-core-5.1.6.RELEASE.jar:/Users/layscervantes/.m2/repository/org/springframework/spring-jcl/5.1.6.RELEASE/spring-jcl-5.1.6.RELEASE.jar:/Users/layscervantes/.m2/repository/org/springframework/spring-expression/5.1.6.RELEASE/spring-expression-5.1.6.RELEASE.jar:/Users/layscervantes/.m2/repository/org/springframework/spring-webmvc/5.1.6.RELEASE/spring-webmvc-5.1.6.RELEASE.jar:/Users/layscervantes/.m2/repository/org/springframework/spring-web/5.1.6.RELEASE/spring-web-5.1.6.RELEASE.jar:/Users/layscervantes/.m2/repository/junit/junit/4.11/junit-4.11.jar:/Users/layscervantes/.m2/repository/org/hamcrest/hamcrest-core/1.3/hamcrest-core-1.3.jar:/Users/layscervantes/.m2/repository/com/h2database/h2/1.4.200/h2-1.4.200.jar:/Users/layscervantes/.m2/repository/javax/servlet/javax.servlet-api/4.0.1/javax.servlet-api-4.0.1.jar:/Users/layscervantes/.m2/repository/javax/annotation/javax.annotation-api/1.3.2/javax.annotation-api-1.3.2.jar:/Users/layscervantes/.m2/repository/javax/servlet/jstl/1.2/jstl-1.2.jar:/Users/layscervantes/.m2/repository/org/mockito/mockito-core/3.12.4/mockito-core-3.12.4.jar:/Users/layscervantes/.m2/repository/net/bytebuddy/byte-buddy/1.11.13/byte-buddy-1.11.13.jar:/Users/layscervantes/.m2/repository/net/bytebuddy/byte-buddy-agent/1.11.13/byte-buddy-agent-1.11.13.jar:/Users/layscervantes/.m2/repository/org/objenesis/objenesis/3.2/objenesis-3.2.jar:"/>
    <property name="java.vm.vendor" value="Amazon.com Inc."/>
    <property name="sun.arch.data.model" value="64"/>
    <property name="java.vendor.url" value="https://aws.amazon.com/corretto/"/>
    <property name="os.name" value="Mac OS X"/>
    <property name="java.vm.specification.version" value="17"/>
    <property name="sun.java.launcher" value="SUN_STANDARD"/>
    <property name="user.country" value="FR"/>
    <property name="sun.boot.library.path" value="/Users/layscervantes/Library/Java/JavaVirtualMachines/corretto-17.0.10/Contents/Home/lib"/>
    <property name="sun.java.command" value="/Users/layscervantes/Java/rentmanager/target/surefire/surefirebooter16588053741890377657.jar /Users/layscervantes/Java/rentmanager/target/surefire 2024-04-03T10-24-45_383-jvmRun1 surefire3752267702666819217tmp surefire_0602465132154271200tmp"/>
    <property name="http.nonProxyHosts" value="local|*.local|169.254/16|*.169.254/16"/>
    <property name="jdk.debug" value="release"/>
    <property name="surefire.test.class.path" value="/Users/layscervantes/Java/rentmanager/target/test-classes:/Users/layscervantes/Java/rentmanager/target/classes:/Users/layscervantes/.m2/repository/org/springframework/spring-context/5.1.6.RELEASE/spring-context-5.1.6.RELEASE.jar:/Users/layscervantes/.m2/repository/org/springframework/spring-aop/5.1.6.RELEASE/spring-aop-5.1.6.RELEASE.jar:/Users/layscervantes/.m2/repository/org/springframework/spring-beans/5.1.6.RELEASE/spring-beans-5.1.6.RELEASE.jar:/Users/layscervantes/.m2/repository/org/springframework/spring-core/5.1.6.RELEASE/spring-core-5.1.6.RELEASE.jar:/Users/layscervantes/.m2/repository/org/springframework/spring-jcl/5.1.6.RELEASE/spring-jcl-5.1.6.RELEASE.jar:/Users/layscervantes/.m2/repository/org/springframework/spring-expression/5.1.6.RELEASE/spring-expression-5.1.6.RELEASE.jar:/Users/layscervantes/.m2/repository/org/springframework/spring-webmvc/5.1.6.RELEASE/spring-webmvc-5.1.6.RELEASE.jar:/Users/layscervantes/.m2/repository/org/springframework/spring-web/5.1.6.RELEASE/spring-web-5.1.6.RELEASE.jar:/Users/layscervantes/.m2/repository/junit/junit/4.11/junit-4.11.jar:/Users/layscervantes/.m2/repository/org/hamcrest/hamcrest-core/1.3/hamcrest-core-1.3.jar:/Users/layscervantes/.m2/repository/com/h2database/h2/1.4.200/h2-1.4.200.jar:/Users/layscervantes/.m2/repository/javax/servlet/javax.servlet-api/4.0.1/javax.servlet-api-4.0.1.jar:/Users/layscervantes/.m2/repository/javax/annotation/javax.annotation-api/1.3.2/javax.annotation-api-1.3.2.jar:/Users/layscervantes/.m2/repository/javax/servlet/jstl/1.2/jstl-1.2.jar:/Users/layscervantes/.m2/repository/org/mockito/mockito-core/3.12.4/mockito-core-3.12.4.jar:/Users/layscervantes/.m2/repository/net/bytebuddy/byte-buddy/1.11.13/byte-buddy-1.11.13.jar:/Users/layscervantes/.m2/repository/net/bytebuddy/byte-buddy-agent/1.11.13/byte-buddy-agent-1.11.13.jar:/Users/layscervantes/.m2/repository/org/objenesis/objenesis/3.2/objenesis-3.2.jar:"/>
    <property name="sun.cpu.endian" value="little"/>
    <property name="user.home" value="/Users/layscervantes"/>
    <property name="user.language" value="fr"/>
    <property name="java.specification.vendor" value="Oracle Corporation"/>
    <property name="java.version.date" value="2024-01-16"/>
    <property name="java.home" value="/Users/layscervantes/Library/Java/JavaVirtualMachines/corretto-17.0.10/Contents/Home"/>
    <property name="file.separator" value="/"/>
    <property name="basedir" value="/Users/layscervantes/Java/rentmanager"/>
    <property name="java.vm.compressedOopsMode" value="Zero based"/>
    <property name="line.separator" value="&#10;"/>
    <property name="java.vm.specification.vendor" value="Oracle Corporation"/>
    <property name="java.specification.name" value="Java Platform API Specification"/>
    <property name="surefire.real.class.path" value="/Users/layscervantes/Java/rentmanager/target/surefire/surefirebooter16588053741890377657.jar"/>
    <property name="sun.management.compiler" value="HotSpot 64-Bit Tiered Compilers"/>
    <property name="ftp.nonProxyHosts" value="local|*.local|169.254/16|*.169.254/16"/>
    <property name="java.runtime.version" value="17.0.10+7-LTS"/>
    <property name="user.name" value="layscervantes"/>
    <property name="path.separator" value=":"/>
    <property name="os.version" value="14.3.1"/>
    <property name="java.runtime.name" value="OpenJDK Runtime Environment"/>
    <property name="file.encoding" value="UTF-8"/>
    <property name="java.vm.name" value="OpenJDK 64-Bit Server VM"/>
    <property name="java.vendor.version" value="Corretto-17.0.10.7.1"/>
    <property name="localRepository" value="/Users/layscervantes/.m2/repository"/>
    <property name="java.vendor.url.bug" value="https://github.com/corretto/corretto-17/issues/"/>
    <property name="java.io.tmpdir" value="/var/folders/x8/crrww9fx3yscjcmtkl1hpnqc0000gn/T/"/>
    <property name="idea.version" value="2023.3.4"/>
    <property name="java.version" value="17.0.10"/>
    <property name="user.dir" value="/Users/layscervantes/Java/rentmanager"/>
    <property name="os.arch" value="x86_64"/>
    <property name="java.vm.specification.name" value="Java Virtual Machine Specification"/>
    <property name="native.encoding" value="UTF-8"/>
    <property name="java.library.path" value="/Users/layscervantes/Library/Java/Extensions:/Library/Java/Extensions:/Network/Library/Java/Extensions:/System/Library/Java/Extensions:/usr/lib/java:."/>
    <property name="java.vm.info" value="mixed mode, sharing"/>
    <property name="java.vendor" value="Amazon.com Inc."/>
    <property name="java.vm.version" value="17.0.10+7-LTS"/>
    <property name="sun.io.unicode.encoding" value="UnicodeBig"/>
    <property name="socksNonProxyHosts" value="local|*.local|169.254/16|*.169.254/16"/>
    <property name="java.class.version" value="61.0"/>
  </properties>
  <testcase name="testCountClients" classname="com.ensta.rentmanager.ClientServiceTest" time="0.501"/>
  <testcase name="testFindByIdClient" classname="com.ensta.rentmanager.ClientServiceTest" time="0.002"/>
  <testcase name="testDeleteClient" classname="com.ensta.rentmanager.ClientServiceTest" time="0.001"/>
</testsuite>